-------------------------------------------------------------------------------
Test set: Persistencia.RegistroCalificacionesTest
-------------------------------------------------------------------------------
Tests run: 4, Failures: 0, Errors: 4, Skipped: 0, Time elapsed: 0.181 s <<< FAILURE! -- in Persistencia.RegistroCalificacionesTest
Persistencia.RegistroCalificacionesTest.testRegistrarYProcesarSolicitud -- Time elapsed: 0.083 s <<< ERROR!
java.lang.NullPointerException: Cannot invoke "ObjetosNegocio.Estudiante.getMatricula()" because the return value of "ObjetosNegocio.SolicitudCalificacion.getEstudiante()" is null
	at Persistencia.RegistroCalificaciones.procesarSiguienteSolicitud(RegistroCalificaciones.java:93)
	at Persistencia.RegistroCalificacionesTest.testRegistrarYProcesarSolicitud(RegistroCalificacionesTest.java:56)
	at java.base/java.lang.reflect.Method.invoke(Method.java:580)
	at java.base/java.util.ArrayList.forEach(ArrayList.java:1597)
	at java.base/java.util.ArrayList.forEach(ArrayList.java:1597)

Persistencia.RegistroCalificacionesTest.testAccionRegistradaEnPila -- Time elapsed: 0.004 s <<< ERROR!
java.lang.NullPointerException: Cannot invoke "ObjetosNegocio.Estudiante.getMatricula()" because the return value of "ObjetosNegocio.SolicitudCalificacion.getEstudiante()" is null
	at Persistencia.RegistroCalificaciones.procesarSiguienteSolicitud(RegistroCalificaciones.java:93)
	at Persistencia.RegistroCalificacionesTest.testAccionRegistradaEnPila(RegistroCalificacionesTest.java:69)
	at java.base/java.lang.reflect.Method.invoke(Method.java:580)
	at java.base/java.util.ArrayList.forEach(ArrayList.java:1597)
	at java.base/java.util.ArrayList.forEach(ArrayList.java:1597)

Persistencia.RegistroCalificacionesTest.testMostrarListadoPromedios -- Time elapsed: 0.003 s <<< ERROR!
java.lang.NullPointerException: Cannot invoke "ObjetosNegocio.Estudiante.getMatricula()" because the return value of "ObjetosNegocio.SolicitudCalificacion.getEstudiante()" is null
	at Persistencia.RegistroCalificaciones.procesarTodasSolicitudes(RegistroCalificaciones.java:47)
	at Persistencia.RegistroCalificacionesTest.testMostrarListadoPromedios(RegistroCalificacionesTest.java:108)
	at java.base/java.lang.reflect.Method.invoke(Method.java:580)
	at java.base/java.util.ArrayList.forEach(ArrayList.java:1597)
	at java.base/java.util.ArrayList.forEach(ArrayList.java:1597)

Persistencia.RegistroCalificacionesTest.testDeshacerUltimaAccion -- Time elapsed: 0.005 s <<< ERROR!
java.lang.NullPointerException: Cannot invoke "ObjetosNegocio.Estudiante.getMatricula()" because the return value of "ObjetosNegocio.SolicitudCalificacion.getEstudiante()" is null
	at Persistencia.RegistroCalificaciones.procesarSiguienteSolicitud(RegistroCalificaciones.java:93)
	at Persistencia.RegistroCalificacionesTest.testDeshacerUltimaAccion(RegistroCalificacionesTest.java:84)
	at java.base/java.lang.reflect.Method.invoke(Method.java:580)
	at java.base/java.util.ArrayList.forEach(ArrayList.java:1597)
	at java.base/java.util.ArrayList.forEach(ArrayList.java:1597)

