-------------------------------------------------------------------------------
Test set: Persistencia.RegistroEstudiantesTest
-------------------------------------------------------------------------------
Tests run: 4, Failures: 0, Errors: 3, Skipped: 0, Time elapsed: 0.058 s <<< FAILURE! -- in Persistencia.RegistroEstudiantesTest
Persistencia.RegistroEstudiantesTest.testMostrarEstudiantes -- Time elapsed: 0.024 s <<< ERROR!
java.util.NoSuchElementException: No se encontró estudiante con matrícula: EST0001
	at Persistencia.RegistroEstudiantes.buscarPorMatricula(RegistroEstudiantes.java:62)
	at Persistencia.RegistroEstudiantesTest.testMostrarEstudiantes(RegistroEstudiantesTest.java:93)
	at java.base/java.lang.reflect.Method.invoke(Method.java:580)
	at java.base/java.util.ArrayList.forEach(ArrayList.java:1597)
	at java.base/java.util.ArrayList.forEach(ArrayList.java:1597)

Persistencia.RegistroEstudiantesTest.testCalificacionesYPromedio -- Time elapsed: 0.003 s <<< ERROR!
java.util.NoSuchElementException: No se encontró estudiante con matrícula: EST0003
	at Persistencia.RegistroEstudiantes.buscarPorMatricula(RegistroEstudiantes.java:62)
	at Persistencia.RegistroEstudiantesTest.testCalificacionesYPromedio(RegistroEstudiantesTest.java:74)
	at java.base/java.lang.reflect.Method.invoke(Method.java:580)
	at java.base/java.util.ArrayList.forEach(ArrayList.java:1597)
	at java.base/java.util.ArrayList.forEach(ArrayList.java:1597)

Persistencia.RegistroEstudiantesTest.testAgregarYBuscarEstudiante -- Time elapsed: 0.001 s <<< ERROR!
java.util.NoSuchElementException: No se encontró estudiante con matrícula: EST0001
	at Persistencia.RegistroEstudiantes.buscarPorMatricula(RegistroEstudiantes.java:62)
	at Persistencia.RegistroEstudiantesTest.testAgregarYBuscarEstudiante(RegistroEstudiantesTest.java:38)
	at java.base/java.lang.reflect.Method.invoke(Method.java:580)
	at java.base/java.util.ArrayList.forEach(ArrayList.java:1597)
	at java.base/java.util.ArrayList.forEach(ArrayList.java:1597)

