<?xml version="1.0" encoding="UTF-8"?>
<testsuite xmlns:xsi="http://www.w3.org/2001/XMLSchema-instance" xsi:noNamespaceSchemaLocation="https://maven.apache.org/surefire/maven-surefire-plugin/xsd/surefire-test-report-3.0.xsd" version="3.0" name="Persistencia.RegistroCalificacionesTest" time="0.064" tests="4" errors="0" skipped="0" failures="1">
  <properties>
[...]
</properties>
  <testcase name="testRegistrarYProcesarSolicitud" classname="Persistencia.RegistroCalificacionesTest" time="0.028">
    <system-out><![CDATA[Procesada solicitud: Ana López nueva calificación = 95.0
]]></system-out>
  </testcase>
  <testcase name="testAccionRegistradaEnPila" classname="Persistencia.RegistroCalificacionesTest" time="0.002">
    <system-out><![CDATA[Procesada solicitud: Luis Pérez nueva calificación = 80.0
]]></system-out>
  </testcase>
  <testcase name="testMostrarListadoPromedios" classname="Persistencia.RegistroCalificacionesTest" time="0.001"/>
  <testcase name="testDeshacerUltimaAccion" classname="Persistencia.RegistroCalificacionesTest" time="0.008">
    <failure message="expected: &lt;true&gt; but was: &lt;false&gt;" type="org.opentest4j.AssertionFailedError"><![CDATA[org.opentest4j.AssertionFailedError: expected: <true> but was: <false>
	at org.junit.jupiter.api.AssertionFailureBuilder.build(AssertionFailureBuilder.java:151)
	at org.junit.jupiter.api.AssertionFailureBuilder.buildAndThrow(AssertionFailureBuilder.java:132)
	at org.junit.jupiter.api.AssertTrue.failNotTrue(AssertTrue.java:63)
	at org.junit.jupiter.api.AssertTrue.assertTrue(AssertTrue.java:36)
	at org.junit.jupiter.api.AssertTrue.assertTrue(AssertTrue.java:31)
	at org.junit.jupiter.api.Assertions.assertTrue(Assertions.java:183)
	at Persistencia.RegistroCalificacionesTest.testDeshacerUltimaAccion(RegistroCalificacionesTest.java:83)
	at java.base/java.lang.reflect.Method.invoke(Method.java:580)
	at java.base/java.util.ArrayList.forEach(ArrayList.java:1597)
	at java.base/java.util.ArrayList.forEach(ArrayList.java:1597)
]]></failure>
    <system-out><![CDATA[Procesada solicitud: Ana López nueva calificación = 70.0
Se deshizo la accion: Accion{tipo=CALIFICACION, estudiante=001, curso=null}
]]></system-out>
  </testcase>
</testsuite>