<?xml version="1.0" encoding="UTF-8"?>
<testsuite xmlns:xsi="http://www.w3.org/2001/XMLSchema-instance" xsi:noNamespaceSchemaLocation="https://maven.apache.org/surefire/maven-surefire-plugin/xsd/surefire-test-report-3.0.xsd" version="3.0" name="Persistencia.RegistroCalificacionesTest" time="0.076" tests="4" errors="4" skipped="0" failures="0">
  <properties>
[...]
</properties>
  <testcase name="testRegistrarYProcesarSolicitud" classname="Persistencia.RegistroCalificacionesTest" time="0.035">
    <error message="Cannot invoke &quot;ObjetosNegocio.Estudiante.getMatricula()&quot; because the return value of &quot;ObjetosNegocio.SolicitudCalificacion.getEstudiante()&quot; is null" type="java.lang.NullPointerException"><![CDATA[java.lang.NullPointerException: Cannot invoke "ObjetosNegocio.Estudiante.getMatricula()" because the return value of "ObjetosNegocio.SolicitudCalificacion.getEstudiante()" is null
	at Persistencia.RegistroCalificaciones.procesarSiguienteSolicitud(RegistroCalificaciones.java:93)
	at Persistencia.RegistroCalificacionesTest.testRegistrarYProcesarSolicitud(RegistroCalificacionesTest.java:56)
	at java.base/java.lang.reflect.Method.invoke(Method.java:580)
	at java.base/java.util.ArrayList.forEach(ArrayList.java:1597)
	at java.base/java.util.ArrayList.forEach(ArrayList.java:1597)
]]></error>
  </testcase>
  <testcase name="testAccionRegistradaEnPila" classname="Persistencia.RegistroCalificacionesTest" time="0.003">
    <error message="Cannot invoke &quot;ObjetosNegocio.Estudiante.getMatricula()&quot; because the return value of &quot;ObjetosNegocio.SolicitudCalificacion.getEstudiante()&quot; is null" type="java.lang.NullPointerException"><![CDATA[java.lang.NullPointerException: Cannot invoke "ObjetosNegocio.Estudiante.getMatricula()" because the return value of "ObjetosNegocio.SolicitudCalificacion.getEstudiante()" is null
	at Persistencia.RegistroCalificaciones.procesarSiguienteSolicitud(RegistroCalificaciones.java:93)
	at Persistencia.RegistroCalificacionesTest.testAccionRegistradaEnPila(RegistroCalificacionesTest.java:69)
	at java.base/java.lang.reflect.Method.invoke(Method.java:580)
	at java.base/java.util.ArrayList.forEach(ArrayList.java:1597)
	at java.base/java.util.ArrayList.forEach(ArrayList.java:1597)
]]></error>
  </testcase>
  <testcase name="testMostrarListadoPromedios" classname="Persistencia.RegistroCalificacionesTest" time="0.003">
    <error message="Cannot invoke &quot;ObjetosNegocio.Estudiante.getMatricula()&quot; because the return value of &quot;ObjetosNegocio.SolicitudCalificacion.getEstudiante()&quot; is null" type="java.lang.NullPointerException"><![CDATA[java.lang.NullPointerException: Cannot invoke "ObjetosNegocio.Estudiante.getMatricula()" because the return value of "ObjetosNegocio.SolicitudCalificacion.getEstudiante()" is null
	at Persistencia.RegistroCalificaciones.procesarTodasSolicitudes(RegistroCalificaciones.java:47)
	at Persistencia.RegistroCalificacionesTest.testMostrarListadoPromedios(RegistroCalificacionesTest.java:108)
	at java.base/java.lang.reflect.Method.invoke(Method.java:580)
	at java.base/java.util.ArrayList.forEach(ArrayList.java:1597)
	at java.base/java.util.ArrayList.forEach(ArrayList.java:1597)
]]></error>
  </testcase>
  <testcase name="testDeshacerUltimaAccion" classname="Persistencia.RegistroCalificacionesTest" time="0.002">
    <error message="Cannot invoke &quot;ObjetosNegocio.Estudiante.getMatricula()&quot; because the return value of &quot;ObjetosNegocio.SolicitudCalificacion.getEstudiante()&quot; is null" type="java.lang.NullPointerException"><![CDATA[java.lang.NullPointerException: Cannot invoke "ObjetosNegocio.Estudiante.getMatricula()" because the return value of "ObjetosNegocio.SolicitudCalificacion.getEstudiante()" is null
	at Persistencia.RegistroCalificaciones.procesarSiguienteSolicitud(RegistroCalificaciones.java:93)
	at Persistencia.RegistroCalificacionesTest.testDeshacerUltimaAccion(RegistroCalificacionesTest.java:84)
	at java.base/java.lang.reflect.Method.invoke(Method.java:580)
	at java.base/java.util.ArrayList.forEach(ArrayList.java:1597)
	at java.base/java.util.ArrayList.forEach(ArrayList.java:1597)
]]></error>
  </testcase>
</testsuite>