<?xml version="1.0" encoding="UTF-8"?>
<testsuite xmlns:xsi="http://www.w3.org/2001/XMLSchema-instance" xsi:noNamespaceSchemaLocation="https://maven.apache.org/surefire/maven-surefire-plugin/xsd/surefire-test-report-3.0.xsd" version="3.0" name="Persistencia.RegistroCalificacionesTest" time="0.076" tests="4" errors="4" skipped="0" failures="0">
  <properties>
    <property name="java.specification.version" value="22"/>
    <property name="sun.cpu.isalist" value="amd64"/>
    <property name="sun.jnu.encoding" value="UTF-8"/>
    <property name="java.class.path" value="C:\Users\giova\OneDrive\Documentos\GitHub\proyectoEstructura\proyectoEstructura\target\test-classes;C:\Users\giova\OneDrive\Documentos\GitHub\proyectoEstructura\proyectoEstructura\target\classes;C:\Users\giova\.m2\repository\org\junit\jupiter\junit-jupiter-api\5.10.3\junit-jupiter-api-5.10.3.jar;C:\Users\giova\.m2\repository\org\opentest4j\opentest4j\1.3.0\opentest4j-1.3.0.jar;C:\Users\giova\.m2\repository\org\junit\platform\junit-platform-commons\1.10.3\junit-platform-commons-1.10.3.jar;C:\Users\giova\.m2\repository\org\apiguardian\apiguardian-api\1.1.2\apiguardian-api-1.1.2.jar;C:\Users\giova\.m2\repository\org\junit\jupiter\junit-jupiter-params\5.10.3\junit-jupiter-params-5.10.3.jar;C:\Users\giova\.m2\repository\org\junit\jupiter\junit-jupiter-engine\5.10.3\junit-jupiter-engine-5.10.3.jar;C:\Users\giova\.m2\repository\org\junit\platform\junit-platform-engine\1.10.3\junit-platform-engine-1.10.3.jar;"/>
    <property name="java.vm.vendor" value="Oracle Corporation"/>
    <property name="sun.arch.data.model" value="64"/>
    <property name="user.variant" value=""/>
    <property name="java.vendor.url" value="https://java.oracle.com/"/>
    <property name="user.timezone" value="America/Hermosillo"/>
    <property name="os.name" value="Windows 11"/>
    <property name="java.vm.specification.version" value="22"/>
    <property name="user.country" value="MX"/>
    <property name="sun.java.launcher" value="SUN_STANDARD"/>
    <property name="sun.boot.library.path" value="C:\Program Files\Java\jdk-22\bin"/>
    <property name="sun.java.command" value="C:\Users\giova\AppData\Local\Temp\surefire17736607057839990139\surefirebooter-20251205030220109_3.jar C:\Users\giova\AppData\Local\Temp\surefire17736607057839990139 2025-12-05T03-02-19_974-jvmRun1 surefire-20251205030220109_1tmp surefire_0-20251205030220109_2tmp"/>
    <property name="jdk.debug" value="release"/>
    <property name="test" value="Persistencia.RegistroCalificacionesTest"/>
    <property name="surefire.test.class.path" value="C:\Users\giova\OneDrive\Documentos\GitHub\proyectoEstructura\proyectoEstructura\target\test-classes;C:\Users\giova\OneDrive\Documentos\GitHub\proyectoEstructura\proyectoEstructura\target\classes;C:\Users\giova\.m2\repository\org\junit\jupiter\junit-jupiter-api\5.10.3\junit-jupiter-api-5.10.3.jar;C:\Users\giova\.m2\repository\org\opentest4j\opentest4j\1.3.0\opentest4j-1.3.0.jar;C:\Users\giova\.m2\repository\org\junit\platform\junit-platform-commons\1.10.3\junit-platform-commons-1.10.3.jar;C:\Users\giova\.m2\repository\org\apiguardian\apiguardian-api\1.1.2\apiguardian-api-1.1.2.jar;C:\Users\giova\.m2\repository\org\junit\jupiter\junit-jupiter-params\5.10.3\junit-jupiter-params-5.10.3.jar;C:\Users\giova\.m2\repository\org\junit\jupiter\junit-jupiter-engine\5.10.3\junit-jupiter-engine-5.10.3.jar;C:\Users\giova\.m2\repository\org\junit\platform\junit-platform-engine\1.10.3\junit-platform-engine-1.10.3.jar;"/>
    <property name="sun.cpu.endian" value="little"/>
    <property name="user.home" value="C:\Users\giova"/>
    <property name="user.language" value="es"/>
    <property name="java.specification.vendor" value="Oracle Corporation"/>
    <property name="java.version.date" value="2024-07-16"/>
    <property name="java.home" value="C:\Program Files\Java\jdk-22"/>
    <property name="file.separator" value="\"/>
    <property name="basedir" value="C:\Users\giova\OneDrive\Documentos\GitHub\proyectoEstructura\proyectoEstructura"/>
    <property name="java.vm.compressedOopsMode" value="Zero based"/>
    <property name="line.separator" value="&#10;"/>
    <property name="java.vm.specification.vendor" value="Oracle Corporation"/>
    <property name="java.specification.name" value="Java Platform API Specification"/>
    <property name="surefire.real.class.path" value="C:\Users\giova\AppData\Local\Temp\surefire17736607057839990139\surefirebooter-20251205030220109_3.jar"/>
    <property name="user.script" value=""/>
    <property name="sun.management.compiler" value="HotSpot 64-Bit Tiered Compilers"/>
    <property name="java.runtime.version" value="22.0.2+9-70"/>
    <property name="user.name" value="giova"/>
    <property name="stdout.encoding" value="UTF-8"/>
    <property name="path.separator" value=";"/>
    <property name="os.version" value="10.0"/>
    <property name="java.runtime.name" value="Java(TM) SE Runtime Environment"/>
    <property name="file.encoding" value="UTF-8"/>
    <property name="java.vm.name" value="Java HotSpot(TM) 64-Bit Server VM"/>
    <property name="maven.ext.class.path" value="C:\Program Files\NetBeans-23\netbeans\java\maven-nblib\netbeans-eventspy.jar"/>
    <property name="localRepository" value="C:\Users\giova\.m2\repository"/>
    <property name="java.vendor.url.bug" value="https://bugreport.java.com/bugreport/"/>
    <property name="java.io.tmpdir" value="C:\Users\giova\AppData\Local\Temp\"/>
    <property name="java.version" value="22.0.2"/>
    <property name="user.dir" value="C:\Users\giova\OneDrive\Documentos\GitHub\proyectoEstructura\proyectoEstructura"/>
    <property name="os.arch" value="amd64"/>
    <property name="java.vm.specification.name" value="Java Virtual Machine Specification"/>
    <property name="sun.os.patch.level" value=""/>
    <property name="native.encoding" value="UTF-8"/>
    <property name="java.library.path" value="C:\Program Files\Java\jdk-22\bin;C:\WINDOWS\Sun\Java\bin;C:\WINDOWS\system32;C:\WINDOWS;C:\Program Files\Common Files\Oracle\Java\javapath;C:\WINDOWS\system32;C:\WINDOWS;C:\WINDOWS\System32\Wbem;C:\WINDOWS\System32\WindowsPowerShell\v1.0\;C:\WINDOWS\System32\OpenSSH\;C:\Program Files\PowerShell\7\;C:\Users\giova\AppData\Local\Microsoft\WindowsApps;C:\Users\giova\AppData\Local\Programs\Microsoft VS Code\bin;C:\Users\giova\AppData\Local\GitHubDesktop\bin;C:\Program Files\Apache\Maven\apache-maven-3.9.8\bin;C:\Users\giova\AppData\Local\PowerToys\DSCModules\;."/>
    <property name="java.vm.info" value="mixed mode, sharing"/>
    <property name="stderr.encoding" value="UTF-8"/>
    <property name="java.vendor" value="Oracle Corporation"/>
    <property name="java.vm.version" value="22.0.2+9-70"/>
    <property name="sun.io.unicode.encoding" value="UnicodeLittle"/>
    <property name="java.class.version" value="66.0"/>
  </properties>
  <testcase name="testRegistrarYProcesarSolicitud" classname="Persistencia.RegistroCalificacionesTest" time="0.035">
    <error message="Cannot invoke &quot;ObjetosNegocio.Estudiante.getMatricula()&quot; because the return value of &quot;ObjetosNegocio.SolicitudCalificacion.getEstudiante()&quot; is null" type="java.lang.NullPointerException"><![CDATA[java.lang.NullPointerException: Cannot invoke "ObjetosNegocio.Estudiante.getMatricula()" because the return value of "ObjetosNegocio.SolicitudCalificacion.getEstudiante()" is null
	at Persistencia.RegistroCalificaciones.procesarSiguienteSolicitud(RegistroCalificaciones.java:93)
	at Persistencia.RegistroCalificacionesTest.testRegistrarYProcesarSolicitud(RegistroCalificacionesTest.java:56)
	at java.base/java.lang.reflect.Method.invoke(Method.java:580)
	at java.base/java.util.ArrayList.forEach(ArrayList.java:1597)
	at java.base/java.util.ArrayList.forEach(ArrayList.java:1597)
]]></error>
  </testcase>
  <testcase name="testAccionRegistradaEnPila" classname="Persistencia.RegistroCalificacionesTest" time="0.003">
    <error message="Cannot invoke &quot;ObjetosNegocio.Estudiante.getMatricula()&quot; because the return value of &quot;ObjetosNegocio.SolicitudCalificacion.getEstudiante()&quot; is null" type="java.lang.NullPointerException"><![CDATA[java.lang.NullPointerException: Cannot invoke "ObjetosNegocio.Estudiante.getMatricula()" because the return value of "ObjetosNegocio.SolicitudCalificacion.getEstudiante()" is null
	at Persistencia.RegistroCalificaciones.procesarSiguienteSolicitud(RegistroCalificaciones.java:93)
	at Persistencia.RegistroCalificacionesTest.testAccionRegistradaEnPila(RegistroCalificacionesTest.java:69)
	at java.base/java.lang.reflect.Method.invoke(Method.java:580)
	at java.base/java.util.ArrayList.forEach(ArrayList.java:1597)
	at java.base/java.util.ArrayList.forEach(ArrayList.java:1597)
]]></error>
  </testcase>
  <testcase name="testMostrarListadoPromedios" classname="Persistencia.RegistroCalificacionesTest" time="0.003">
    <error message="Cannot invoke &quot;ObjetosNegocio.Estudiante.getMatricula()&quot; because the return value of &quot;ObjetosNegocio.SolicitudCalificacion.getEstudiante()&quot; is null" type="java.lang.NullPointerException"><![CDATA[java.lang.NullPointerException: Cannot invoke "ObjetosNegocio.Estudiante.getMatricula()" because the return value of "ObjetosNegocio.SolicitudCalificacion.getEstudiante()" is null
	at Persistencia.RegistroCalificaciones.procesarTodasSolicitudes(RegistroCalificaciones.java:47)
	at Persistencia.RegistroCalificacionesTest.testMostrarListadoPromedios(RegistroCalificacionesTest.java:108)
	at java.base/java.lang.reflect.Method.invoke(Method.java:580)
	at java.base/java.util.ArrayList.forEach(ArrayList.java:1597)
	at java.base/java.util.ArrayList.forEach(ArrayList.java:1597)
]]></error>
  </testcase>
  <testcase name="testDeshacerUltimaAccion" classname="Persistencia.RegistroCalificacionesTest" time="0.002">
    <error message="Cannot invoke &quot;ObjetosNegocio.Estudiante.getMatricula()&quot; because the return value of &quot;ObjetosNegocio.SolicitudCalificacion.getEstudiante()&quot; is null" type="java.lang.NullPointerException"><![CDATA[java.lang.NullPointerException: Cannot invoke "ObjetosNegocio.Estudiante.getMatricula()" because the return value of "ObjetosNegocio.SolicitudCalificacion.getEstudiante()" is null
	at Persistencia.RegistroCalificaciones.procesarSiguienteSolicitud(RegistroCalificaciones.java:93)
	at Persistencia.RegistroCalificacionesTest.testDeshacerUltimaAccion(RegistroCalificacionesTest.java:84)
	at java.base/java.lang.reflect.Method.invoke(Method.java:580)
	at java.base/java.util.ArrayList.forEach(ArrayList.java:1597)
	at java.base/java.util.ArrayList.forEach(ArrayList.java:1597)
]]></error>
  </testcase>
</testsuite>